[01-May-2024 15:11:58 Europe/Berlin] File /assets/catalogs/ROPEREZ-RESUME-1.pdf is not readable
[01-May-2024 15:11:58 Europe/Berlin] File /assets/catalogs/ROPEREZ-RESUME-1.pdf is not readable
[01-May-2024 15:11:58 Europe/Berlin] File /assets/catalogs/ROPEREZ-RESUME-1.pdf is not readable
[01-May-2024 15:11:58 Europe/Berlin] File /assets/catalogs/ROPEREZ-RESUME-1.pdf is not readable
[01-May-2024 15:11:58 Europe/Berlin] File /assets/catalogs/ROPEREZ-RESUME-1.pdf is not readable
[01-May-2024 15:11:58 Europe/Berlin] File /assets/catalogs/ROPEREZ-RESUME-1.pdf is not readable
[01-May-2024 15:14:08 Europe/Berlin] File C:\xampp\htdocs\projectsunlimited\projectsunlimited\backend\brands/assets/catalogs/ROPEREZ-RESUME-1.pdf is not readable
[01-May-2024 15:14:08 Europe/Berlin] File C:\xampp\htdocs\projectsunlimited\projectsunlimited\backend\brands/assets/catalogs/ROPEREZ-RESUME-1.pdf is not readable
[01-May-2024 15:14:09 Europe/Berlin] File C:\xampp\htdocs\projectsunlimited\projectsunlimited\backend\brands/assets/catalogs/ROPEREZ-RESUME-1.pdf is not readable
[01-May-2024 15:14:09 Europe/Berlin] File C:\xampp\htdocs\projectsunlimited\projectsunlimited\backend\brands/assets/catalogs/ROPEREZ-RESUME-1.pdf is not readable
[01-May-2024 15:14:09 Europe/Berlin] File C:\xampp\htdocs\projectsunlimited\projectsunlimited\backend\brands/assets/catalogs/ROPEREZ-RESUME-1.pdf is not readable
[01-May-2024 15:14:09 Europe/Berlin] File C:\xampp\htdocs\projectsunlimited\projectsunlimited\backend\brands/assets/catalogs/ROPEREZ-RESUME-1.pdf is not readable
[01-May-2024 15:16:52 Europe/Berlin] File /ROPEREZ-RESUME-1.pdf is not readable
[01-May-2024 15:16:52 Europe/Berlin] File /ROPEREZ-RESUME-1.pdf is not readable
[01-May-2024 15:16:52 Europe/Berlin] File /ROPEREZ-RESUME-1.pdf is not readable
[01-May-2024 15:16:52 Europe/Berlin] File /ROPEREZ-RESUME-1.pdf is not readable
[01-May-2024 15:16:52 Europe/Berlin] File /ROPEREZ-RESUME-1.pdf is not readable
[01-May-2024 15:16:52 Europe/Berlin] File /ROPEREZ-RESUME-1.pdf is not readable
[01-May-2024 15:17:49 Europe/Berlin] File C:\xampp\htdocs\projectsunlimited\projectsunlimited\backend\brands/../assets/catalogs/ROPEREZ-RESUME-1.pdf is not readable
[01-May-2024 15:17:49 Europe/Berlin] File C:\xampp\htdocs\projectsunlimited\projectsunlimited\backend\brands/../assets/catalogs/ROPEREZ-RESUME-1.pdf is not readable
[01-May-2024 15:17:49 Europe/Berlin] File C:\xampp\htdocs\projectsunlimited\projectsunlimited\backend\brands/../assets/catalogs/ROPEREZ-RESUME-1.pdf is not readable
[01-May-2024 15:17:49 Europe/Berlin] File C:\xampp\htdocs\projectsunlimited\projectsunlimited\backend\brands/../assets/catalogs/ROPEREZ-RESUME-1.pdf is not readable
[01-May-2024 15:17:49 Europe/Berlin] File C:\xampp\htdocs\projectsunlimited\projectsunlimited\backend\brands/../assets/catalogs/ROPEREZ-RESUME-1.pdf is not readable
[01-May-2024 15:17:49 Europe/Berlin] File C:\xampp\htdocs\projectsunlimited\projectsunlimited\backend\brands/../assets/catalogs/ROPEREZ-RESUME-1.pdf is not readable
[01-May-2024 15:18:16 Europe/Berlin] File /../assets/catalogs/ROPEREZ-RESUME-1.pdf is not readable
[01-May-2024 15:18:17 Europe/Berlin] File /../assets/catalogs/ROPEREZ-RESUME-1.pdf is not readable
[01-May-2024 15:18:17 Europe/Berlin] File /../assets/catalogs/ROPEREZ-RESUME-1.pdf is not readable
[01-May-2024 15:18:17 Europe/Berlin] File /../assets/catalogs/ROPEREZ-RESUME-1.pdf is not readable
[01-May-2024 15:18:17 Europe/Berlin] File /../assets/catalogs/ROPEREZ-RESUME-1.pdf is not readable
[01-May-2024 15:18:17 Europe/Berlin] File /../assets/catalogs/ROPEREZ-RESUME-1.pdf is not readable
[01-May-2024 15:20:29 Europe/Berlin] File ../assets/catalogs/ROPEREZ-RESUME-1.pdf is not readable
[01-May-2024 15:20:29 Europe/Berlin] File ../assets/catalogs/ROPEREZ-RESUME-1.pdf is not readable
[01-May-2024 15:20:29 Europe/Berlin] File ../assets/catalogs/ROPEREZ-RESUME-1.pdf is not readable
[01-May-2024 15:20:31 Europe/Berlin] File ../assets/catalogs/ROPEREZ-RESUME-1.pdf is not readable
[01-May-2024 15:20:31 Europe/Berlin] File ../assets/catalogs/ROPEREZ-RESUME-1.pdf is not readable
[01-May-2024 15:20:31 Europe/Berlin] File ../assets/catalogs/ROPEREZ-RESUME-1.pdf is not readable
